Performing C SOURCE FILE Test CMAKE_HAVE_LIBC_PTHREAD failed with the following output:
Change Dir: /home/alumno/robocomp/components/G6-M1/practica5/GotoXY/cmake-build-debug/CMakeFiles/CMakeTmp

Run Build Command(s):/usr/bin/make -f Makefile cmTC_97093/fast && /usr/bin/make  -f CMakeFiles/cmTC_97093.dir/build.make CMakeFiles/cmTC_97093.dir/build
make[1]: se entra en el directorio '/home/alumno/robocomp/components/G6-M1/practica5/GotoXY/cmake-build-debug/CMakeFiles/CMakeTmp'
Building C object CMakeFiles/cmTC_97093.dir/src.c.o
/usr/bin/cc -DCMAKE_HAVE_LIBC_PTHREAD   -o CMakeFiles/cmTC_97093.dir/src.c.o -c /home/alumno/robocomp/components/G6-M1/practica5/GotoXY/cmake-build-debug/CMakeFiles/CMakeTmp/src.c
Linking C executable cmTC_97093
/snap/clion/175/bin/cmake/linux/bin/cmake -E cmake_link_script CMakeFiles/cmTC_97093.dir/link.txt --verbose=1
/usr/bin/cc CMakeFiles/cmTC_97093.dir/src.c.o -o cmTC_97093 
/usr/bin/ld: CMakeFiles/cmTC_97093.dir/src.c.o: en la funci√≥n `main':
src.c:(.text+0x46): referencia a `pthread_create' sin definir
/usr/bin/ld: src.c:(.text+0x52): referencia a `pthread_detach' sin definir
/usr/bin/ld: src.c:(.text+0x5e): referencia a `pthread_cancel' sin definir
/usr/bin/ld: src.c:(.text+0x6f): referencia a `pthread_join' sin definir
collect2: error: ld returned 1 exit status
make[1]: *** [CMakeFiles/cmTC_97093.dir/build.make:99: cmTC_97093] Error 1
make[1]: se sale del directorio '/home/alumno/robocomp/components/G6-M1/practica5/GotoXY/cmake-build-debug/CMakeFiles/CMakeTmp'
make: *** [Makefile:127: cmTC_97093/fast] Error 2


Source file was:
#include <pthread.h>

static void* test_func(void* data)
{
  return data;
}

int main(void)
{
  pthread_t thread;
  pthread_create(&thread, NULL, test_func, NULL);
  pthread_detach(thread);
  pthread_cancel(thread);
  pthread_join(thread, NULL);
  pthread_atfork(NULL, NULL, NULL);
  pthread_exit(NULL);

  return 0;
}

Determining if the function pthread_create exists in the pthreads failed with the following output:
Change Dir: /home/alumno/robocomp/components/G6-M1/practica5/GotoXY/cmake-build-debug/CMakeFiles/CMakeTmp

Run Build Command(s):/usr/bin/make -f Makefile cmTC_fc9aa/fast && /usr/bin/make  -f CMakeFiles/cmTC_fc9aa.dir/build.make CMakeFiles/cmTC_fc9aa.dir/build
make[1]: se entra en el directorio '/home/alumno/robocomp/components/G6-M1/practica5/GotoXY/cmake-build-debug/CMakeFiles/CMakeTmp'
Building C object CMakeFiles/cmTC_fc9aa.dir/CheckFunctionExists.c.o
/usr/bin/cc   -DCHECK_FUNCTION_EXISTS=pthread_create -o CMakeFiles/cmTC_fc9aa.dir/CheckFunctionExists.c.o -c /snap/clion/175/bin/cmake/linux/share/cmake-3.21/Modules/CheckFunctionExists.c
Linking C executable cmTC_fc9aa
/snap/clion/175/bin/cmake/linux/bin/cmake -E cmake_link_script CMakeFiles/cmTC_fc9aa.dir/link.txt --verbose=1
/usr/bin/cc  -DCHECK_FUNCTION_EXISTS=pthread_create CMakeFiles/cmTC_fc9aa.dir/CheckFunctionExists.c.o -o cmTC_fc9aa  -lpthreads 
/usr/bin/ld: no se puede encontrar -lpthreads
collect2: error: ld returned 1 exit status
make[1]: *** [CMakeFiles/cmTC_fc9aa.dir/build.make:99: cmTC_fc9aa] Error 1
make[1]: se sale del directorio '/home/alumno/robocomp/components/G6-M1/practica5/GotoXY/cmake-build-debug/CMakeFiles/CMakeTmp'
make: *** [Makefile:127: cmTC_fc9aa/fast] Error 2



